<?xml version="1.0" encoding="UTF-8"?>
<testsuite xmlns:xsi="http://www.w3.org/2001/XMLSchema-instance" xsi:noNamespaceSchemaLocation="https://maven.apache.org/surefire/maven-surefire-plugin/xsd/surefire-test-report.xsd" name="GenProject.commandTest.VersionTest" time="0.138" tests="1" errors="0" skipped="0" failures="0">
  <properties>
    <property name="awt.toolkit" value="sun.awt.X11.XToolkit"/>
    <property name="java.specification.version" value="11"/>
    <property name="sun.cpu.isalist" value=""/>
    <property name="sun.jnu.encoding" value="UTF-8"/>
    <property name="java.class.path" value="/home/g5b7w3/GEN/projet-allemano_paulus_zacheo/GenProject/target/test-classes:/home/g5b7w3/GEN/projet-allemano_paulus_zacheo/GenProject/target/classes:/home/g5b7w3/.m2/repository/junit/junit/4.13.1/junit-4.13.1.jar:/home/g5b7w3/.m2/repository/org/hamcrest/hamcrest-core/1.3/hamcrest-core-1.3.jar:/home/g5b7w3/.m2/repository/info/picocli/picocli/4.6.1/picocli-4.6.1.jar:/home/g5b7w3/.m2/repository/commons-io/commons-io/2.6/commons-io-2.6.jar:/home/g5b7w3/.m2/repository/org/junit/jupiter/junit-jupiter-api/5.4.0/junit-jupiter-api-5.4.0.jar:/home/g5b7w3/.m2/repository/org/apiguardian/apiguardian-api/1.0.0/apiguardian-api-1.0.0.jar:/home/g5b7w3/.m2/repository/org/opentest4j/opentest4j/1.1.1/opentest4j-1.1.1.jar:/home/g5b7w3/.m2/repository/org/junit/platform/junit-platform-commons/1.4.0/junit-platform-commons-1.4.0.jar:/home/g5b7w3/.m2/repository/org/apache/maven/maven-model/3.0/maven-model-3.0.jar:/home/g5b7w3/.m2/repository/org/codehaus/plexus/plexus-utils/2.0.4/plexus-utils-2.0.4.jar:/home/g5b7w3/.m2/repository/org/commonmark/commonmark/0.17.1/commonmark-0.17.1.jar:/home/g5b7w3/.m2/repository/com/fasterxml/jackson/core/jackson-databind/2.9.10.7/jackson-databind-2.9.10.7.jar:/home/g5b7w3/.m2/repository/com/fasterxml/jackson/core/jackson-annotations/2.9.10/jackson-annotations-2.9.10.jar:/home/g5b7w3/.m2/repository/com/fasterxml/jackson/core/jackson-core/2.9.10/jackson-core-2.9.10.jar:"/>
    <property name="java.vm.vendor" value="Oracle Corporation"/>
    <property name="sun.arch.data.model" value="64"/>
    <property name="java.vendor.url" value="https://openjdk.java.net/"/>
    <property name="user.timezone" value=""/>
    <property name="java.vm.specification.version" value="11"/>
    <property name="os.name" value="Linux"/>
    <property name="sun.java.launcher" value="SUN_STANDARD"/>
    <property name="user.country" value="CH"/>
    <property name="sun.boot.library.path" value="/usr/lib/jvm/java-11-openjdk/lib"/>
    <property name="sun.java.command" value="/home/g5b7w3/GEN/projet-allemano_paulus_zacheo/GenProject/target/surefire/surefirebooter16070355094601267177.jar /home/g5b7w3/GEN/projet-allemano_paulus_zacheo/GenProject/target/surefire 2021-04-08T15-16-36_385-jvmRun1 surefire16981491789630862854tmp surefire_03192192533544068031tmp"/>
    <property name="jdk.debug" value="release"/>
    <property name="surefire.test.class.path" value="/home/g5b7w3/GEN/projet-allemano_paulus_zacheo/GenProject/target/test-classes:/home/g5b7w3/GEN/projet-allemano_paulus_zacheo/GenProject/target/classes:/home/g5b7w3/.m2/repository/junit/junit/4.13.1/junit-4.13.1.jar:/home/g5b7w3/.m2/repository/org/hamcrest/hamcrest-core/1.3/hamcrest-core-1.3.jar:/home/g5b7w3/.m2/repository/info/picocli/picocli/4.6.1/picocli-4.6.1.jar:/home/g5b7w3/.m2/repository/commons-io/commons-io/2.6/commons-io-2.6.jar:/home/g5b7w3/.m2/repository/org/junit/jupiter/junit-jupiter-api/5.4.0/junit-jupiter-api-5.4.0.jar:/home/g5b7w3/.m2/repository/org/apiguardian/apiguardian-api/1.0.0/apiguardian-api-1.0.0.jar:/home/g5b7w3/.m2/repository/org/opentest4j/opentest4j/1.1.1/opentest4j-1.1.1.jar:/home/g5b7w3/.m2/repository/org/junit/platform/junit-platform-commons/1.4.0/junit-platform-commons-1.4.0.jar:/home/g5b7w3/.m2/repository/org/apache/maven/maven-model/3.0/maven-model-3.0.jar:/home/g5b7w3/.m2/repository/org/codehaus/plexus/plexus-utils/2.0.4/plexus-utils-2.0.4.jar:/home/g5b7w3/.m2/repository/org/commonmark/commonmark/0.17.1/commonmark-0.17.1.jar:/home/g5b7w3/.m2/repository/com/fasterxml/jackson/core/jackson-databind/2.9.10.7/jackson-databind-2.9.10.7.jar:/home/g5b7w3/.m2/repository/com/fasterxml/jackson/core/jackson-annotations/2.9.10/jackson-annotations-2.9.10.jar:/home/g5b7w3/.m2/repository/com/fasterxml/jackson/core/jackson-core/2.9.10/jackson-core-2.9.10.jar:"/>
    <property name="sun.cpu.endian" value="little"/>
    <property name="user.home" value="/home/g5b7w3"/>
    <property name="user.language" value="fr"/>
    <property name="java.specification.vendor" value="Oracle Corporation"/>
    <property name="java.version.date" value="2021-01-19"/>
    <property name="java.home" value="/usr/lib/jvm/java-11-openjdk"/>
    <property name="file.separator" value="/"/>
    <property name="basedir" value="/home/g5b7w3/GEN/projet-allemano_paulus_zacheo/GenProject"/>
    <property name="java.vm.compressedOopsMode" value="Zero based"/>
    <property name="line.separator" value="&#10;"/>
    <property name="java.specification.name" value="Java Platform API Specification"/>
    <property name="java.vm.specification.vendor" value="Oracle Corporation"/>
    <property name="java.awt.graphicsenv" value="sun.awt.X11GraphicsEnvironment"/>
    <property name="surefire.real.class.path" value="/home/g5b7w3/GEN/projet-allemano_paulus_zacheo/GenProject/target/surefire/surefirebooter16070355094601267177.jar"/>
    <property name="sun.management.compiler" value="HotSpot 64-Bit Tiered Compilers"/>
    <property name="java.runtime.version" value="11.0.10+9"/>
    <property name="user.name" value="g5b7w3"/>
    <property name="path.separator" value=":"/>
    <property name="os.version" value="5.10.23-1-MANJARO"/>
    <property name="java.runtime.name" value="OpenJDK Runtime Environment"/>
    <property name="file.encoding" value="UTF-8"/>
    <property name="java.vm.name" value="OpenJDK 64-Bit Server VM"/>
    <property name="localRepository" value="/home/g5b7w3/.m2/repository"/>
    <property name="java.vendor.url.bug" value="https://bugreport.java.com/bugreport/"/>
    <property name="java.io.tmpdir" value="/tmp"/>
    <property name="java.version" value="11.0.10"/>
    <property name="user.dir" value="/home/g5b7w3/GEN/projet-allemano_paulus_zacheo/GenProject"/>
    <property name="os.arch" value="amd64"/>
    <property name="java.vm.specification.name" value="Java Virtual Machine Specification"/>
    <property name="java.awt.printerjob" value="sun.print.PSPrinterJob"/>
    <property name="sun.os.patch.level" value="unknown"/>
    <property name="java.library.path" value="/usr/java/packages/lib:/usr/lib64:/lib64:/lib:/usr/lib"/>
    <property name="java.vm.info" value="mixed mode"/>
    <property name="java.vendor" value="Oracle Corporation"/>
    <property name="java.vm.version" value="11.0.10+9"/>
    <property name="sun.io.unicode.encoding" value="UnicodeLittle"/>
    <property name="java.class.version" value="55.0"/>
  </properties>
  <testcase name="shouldReturnTheVersion" classname="GenProject.commandTest.VersionTest" time="0.104"/>
</testsuite>