<?xml version="1.0" encoding="UTF-8"?>
<testsuite xmlns:xsi="http://www.w3.org/2001/XMLSchema-instance" xsi:noNamespaceSchemaLocation="https://maven.apache.org/surefire/maven-surefire-plugin/xsd/surefire-test-report.xsd" name="GenProject.commandTest.ServeTest" time="5.305" tests="1" errors="0" skipped="0" failures="0">
  <properties>
    <property name="java.specification.version" value="13"/>
    <property name="sun.cpu.isalist" value="amd64"/>
    <property name="sun.jnu.encoding" value="Cp1252"/>
    <property name="java.class.path" value="C:\Users\jetca\Documents\GEN\projet-allemano_paulus_zacheo\GenProject\target\test-classes;C:\Users\jetca\Documents\GEN\projet-allemano_paulus_zacheo\GenProject\target\classes;C:\Users\jetca\.m2\repository\junit\junit\4.13.1\junit-4.13.1.jar;C:\Users\jetca\.m2\repository\org\hamcrest\hamcrest-core\1.3\hamcrest-core-1.3.jar;C:\Users\jetca\.m2\repository\info\picocli\picocli\4.6.1\picocli-4.6.1.jar;C:\Users\jetca\.m2\repository\commons-io\commons-io\2.6\commons-io-2.6.jar;C:\Users\jetca\.m2\repository\org\junit\jupiter\junit-jupiter-api\5.4.0\junit-jupiter-api-5.4.0.jar;C:\Users\jetca\.m2\repository\org\apiguardian\apiguardian-api\1.0.0\apiguardian-api-1.0.0.jar;C:\Users\jetca\.m2\repository\org\opentest4j\opentest4j\1.1.1\opentest4j-1.1.1.jar;C:\Users\jetca\.m2\repository\org\junit\platform\junit-platform-commons\1.4.0\junit-platform-commons-1.4.0.jar;C:\Users\jetca\.m2\repository\org\apache\maven\maven-model\3.0\maven-model-3.0.jar;C:\Users\jetca\.m2\repository\org\codehaus\plexus\plexus-utils\2.0.4\plexus-utils-2.0.4.jar;C:\Users\jetca\.m2\repository\org\commonmark\commonmark\0.17.1\commonmark-0.17.1.jar;C:\Users\jetca\.m2\repository\com\fasterxml\jackson\core\jackson-databind\2.9.10.7\jackson-databind-2.9.10.7.jar;C:\Users\jetca\.m2\repository\com\fasterxml\jackson\core\jackson-annotations\2.9.10\jackson-annotations-2.9.10.jar;C:\Users\jetca\.m2\repository\com\fasterxml\jackson\core\jackson-core\2.9.10\jackson-core-2.9.10.jar;C:\Users\jetca\.m2\repository\org\openjdk\jmh\jmh-core\1.31\jmh-core-1.31.jar;C:\Users\jetca\.m2\repository\net\sf\jopt-simple\jopt-simple\4.6\jopt-simple-4.6.jar;C:\Users\jetca\.m2\repository\org\apache\commons\commons-math3\3.2\commons-math3-3.2.jar;C:\Users\jetca\.m2\repository\org\openjdk\jmh\jmh-generator-annprocess\1.31\jmh-generator-annprocess-1.31.jar;"/>
    <property name="java.vm.vendor" value="Azul Systems, Inc."/>
    <property name="sun.arch.data.model" value="64"/>
    <property name="user.variant" value=""/>
    <property name="java.vendor.url" value="http://www.azulsystems.com/"/>
    <property name="user.timezone" value="Europe/Zurich"/>
    <property name="os.name" value="Windows 10"/>
    <property name="java.vm.specification.version" value="13"/>
    <property name="sun.java.launcher" value="SUN_STANDARD"/>
    <property name="user.country" value="CH"/>
    <property name="sun.boot.library.path" value="C:\Users\jetca\.jdks\azul-13.0.7\bin"/>
    <property name="sun.java.command" value="C:\Users\jetca\AppData\Local\Temp\surefire4657012536586332531\surefirebooter13259950733337766485.jar C:\Users\jetca\AppData\Local\Temp\surefire4657012536586332531 2021-06-10T15-47-42_144-jvmRun1 surefire5172958741197238532tmp surefire_0661161807419517577tmp"/>
    <property name="jdk.debug" value="release"/>
    <property name="surefire.test.class.path" value="C:\Users\jetca\Documents\GEN\projet-allemano_paulus_zacheo\GenProject\target\test-classes;C:\Users\jetca\Documents\GEN\projet-allemano_paulus_zacheo\GenProject\target\classes;C:\Users\jetca\.m2\repository\junit\junit\4.13.1\junit-4.13.1.jar;C:\Users\jetca\.m2\repository\org\hamcrest\hamcrest-core\1.3\hamcrest-core-1.3.jar;C:\Users\jetca\.m2\repository\info\picocli\picocli\4.6.1\picocli-4.6.1.jar;C:\Users\jetca\.m2\repository\commons-io\commons-io\2.6\commons-io-2.6.jar;C:\Users\jetca\.m2\repository\org\junit\jupiter\junit-jupiter-api\5.4.0\junit-jupiter-api-5.4.0.jar;C:\Users\jetca\.m2\repository\org\apiguardian\apiguardian-api\1.0.0\apiguardian-api-1.0.0.jar;C:\Users\jetca\.m2\repository\org\opentest4j\opentest4j\1.1.1\opentest4j-1.1.1.jar;C:\Users\jetca\.m2\repository\org\junit\platform\junit-platform-commons\1.4.0\junit-platform-commons-1.4.0.jar;C:\Users\jetca\.m2\repository\org\apache\maven\maven-model\3.0\maven-model-3.0.jar;C:\Users\jetca\.m2\repository\org\codehaus\plexus\plexus-utils\2.0.4\plexus-utils-2.0.4.jar;C:\Users\jetca\.m2\repository\org\commonmark\commonmark\0.17.1\commonmark-0.17.1.jar;C:\Users\jetca\.m2\repository\com\fasterxml\jackson\core\jackson-databind\2.9.10.7\jackson-databind-2.9.10.7.jar;C:\Users\jetca\.m2\repository\com\fasterxml\jackson\core\jackson-annotations\2.9.10\jackson-annotations-2.9.10.jar;C:\Users\jetca\.m2\repository\com\fasterxml\jackson\core\jackson-core\2.9.10\jackson-core-2.9.10.jar;C:\Users\jetca\.m2\repository\org\openjdk\jmh\jmh-core\1.31\jmh-core-1.31.jar;C:\Users\jetca\.m2\repository\net\sf\jopt-simple\jopt-simple\4.6\jopt-simple-4.6.jar;C:\Users\jetca\.m2\repository\org\apache\commons\commons-math3\3.2\commons-math3-3.2.jar;C:\Users\jetca\.m2\repository\org\openjdk\jmh\jmh-generator-annprocess\1.31\jmh-generator-annprocess-1.31.jar;"/>
    <property name="sun.cpu.endian" value="little"/>
    <property name="user.home" value="C:\Users\jetca"/>
    <property name="user.language" value="fr"/>
    <property name="java.specification.vendor" value="Oracle Corporation"/>
    <property name="java.version.date" value="2021-04-20"/>
    <property name="java.home" value="C:\Users\jetca\.jdks\azul-13.0.7"/>
    <property name="file.separator" value="\"/>
    <property name="basedir" value="C:\Users\jetca\Documents\GEN\projet-allemano_paulus_zacheo\GenProject"/>
    <property name="java.vm.compressedOopsMode" value="Zero based"/>
    <property name="line.separator" value="&#10;"/>
    <property name="java.vm.specification.vendor" value="Oracle Corporation"/>
    <property name="jdk.vendor.version" value="Zulu13.40+15-CA"/>
    <property name="java.specification.name" value="Java Platform API Specification"/>
    <property name="surefire.real.class.path" value="C:\Users\jetca\AppData\Local\Temp\surefire4657012536586332531\surefirebooter13259950733337766485.jar"/>
    <property name="user.script" value=""/>
    <property name="sun.management.compiler" value="HotSpot 64-Bit Tiered Compilers"/>
    <property name="java.runtime.version" value="13.0.7+5-MTS"/>
    <property name="user.name" value="jetca"/>
    <property name="path.separator" value=";"/>
    <property name="os.version" value="10.0"/>
    <property name="java.runtime.name" value="OpenJDK Runtime Environment"/>
    <property name="file.encoding" value="Cp1252"/>
    <property name="java.vm.name" value="OpenJDK 64-Bit Server VM"/>
    <property name="java.vendor.version" value="Zulu13.40+15-CA"/>
    <property name="localRepository" value="C:\Users\jetca\.m2\repository"/>
    <property name="java.vendor.url.bug" value="http://www.azulsystems.com/support/"/>
    <property name="java.io.tmpdir" value="C:\Users\jetca\AppData\Local\Temp\"/>
    <property name="idea.version" value="2021.1.1"/>
    <property name="java.version" value="13.0.7"/>
    <property name="user.dir" value="C:\Users\jetca\Documents\GEN\projet-allemano_paulus_zacheo\GenProject"/>
    <property name="os.arch" value="amd64"/>
    <property name="java.vm.specification.name" value="Java Virtual Machine Specification"/>
    <property name="sun.os.patch.level" value=""/>
    <property name="java.library.path" value="C:\Users\jetca\.jdks\azul-13.0.7\bin;C:\WINDOWS\Sun\Java\bin;C:\WINDOWS\system32;C:\WINDOWS;C:\ActiveTcl\bin;C:\Program Files (x86)\Common Files\Oracle\Java\javapath;C:\windows\system32;C:\windows;C:\windows\System32\Wbem;C:\windows\System32\WindowsPowerShell\v1.0\;C:\windows\System32\OpenSSH\;C:\MinGW\bin;C:\Program Files\NVIDIA Corporation\NVIDIA NvDLISR;C:\Program Files (x86)\NVIDIA Corporation\PhysX\Common;C:\MinGW\msys\1.0\bin\;C:\Program Files (x86)\Wolfram Research\WolframScript\;C:\Program Files\doxygen\bin;C:\Program Files\MiKTeX 2.9\miktex\bin\x64\;C:\Program Files\dotnet\;C:\WINDOWS\system32;C:\WINDOWS;C:\WINDOWS\System32\Wbem;C:\WINDOWS\System32\WindowsPowerShell\v1.0\;C:\WINDOWS\System32\OpenSSH\;C:\Program Files\Java\jdk1.8.0_221\bin;C:\ProgramData\chocolatey\bin;C:\Program Files\Git\cmd;C:\ProgramData\chocolatey\lib\maven\apache-maven-3.6.3\bin;;C:\Program Files\nodejs\;C:\Program Files\Docker\Docker\resources\bin;C:\ProgramData\DockerDesktop\version-bin;C:\tools\php80;C:\Users\jetca\AppData\Local\Microsoft\WindowsApps;C:\Users\jetca\AppData\Local\gitkraken\bin;C:\Users\jetca\AppData\Local\Microsoft\WindowsApps;C:\Users\jetca\AppData\Roaming\npm;."/>
    <property name="java.vm.info" value="mixed mode, sharing"/>
    <property name="java.vendor" value="Azul Systems, Inc."/>
    <property name="java.vm.version" value="13.0.7+5-MTS"/>
    <property name="sun.io.unicode.encoding" value="UnicodeLittle"/>
    <property name="java.class.version" value="57.0"/>
  </properties>
  <testcase name="ShouldSignalWhenWatch" classname="GenProject.commandTest.ServeTest" time="5.304"/>
</testsuite>